
C:\Users\serge\Desktop\knockknock\_portals\sportleafs\components\Footer\Footer.js

â•‘ [1m[1m[1m[1mLine[22m     â”‚ [1m[1m[1m[1mColumn[22m   â”‚ [1m[1m[1m[1mType[22m     â”‚ [1mMessage[22m                                                â”‚ [1mRule ID[22m              â•‘
â•Ÿâ”€â”€â”€â”€â”€â”€â”€â”€â”€â”€â”¼â”€â”€â”€â”€â”€â”€â”€â”€â”€â”€â”¼â”€â”€â”€â”€â”€â”€â”€â”€â”€â”€â”¼â”€â”€â”€â”€â”€â”€â”€â”€â”€â”€â”€â”€â”€â”€â”€â”€â”€â”€â”€â”€â”€â”€â”€â”€â”€â”€â”€â”€â”€â”€â”€â”€â”€â”€â”€â”€â”€â”€â”€â”€â”€â”€â”€â”€â”€â”€â”€â”€â”€â”€â”€â”€â”€â”€â”€â”€â”¼â”€â”€â”€â”€â”€â”€â”€â”€â”€â”€â”€â”€â”€â”€â”€â”€â”€â”€â”€â”€â”€â”€â•¢
â•‘ 1        â”‚ 1        â”‚ [31m[31m[31m[31m[31merror[39m    â”‚ 'react' should be listed in the project's              â”‚ import/no-           â•‘
â•‘          â”‚          â”‚          â”‚ dependencies. Run 'npm i -S react' to add it           â”‚ extraneous-          â•‘
â•‘          â”‚          â”‚          â”‚                                                        â”‚ dependencies         â•‘
â•‘ 2        â”‚ 8        â”‚ [31m[31m[31m[31m[31merror[39m    â”‚ 'Link' is defined but never used.                      â”‚ no-unused-vars       â•‘
â•‘ 3        â”‚ 1        â”‚ [31m[31m[31m[31m[31merror[39m    â”‚ 'adwen-ui' should be listed in the project's           â”‚ import/no-           â•‘
â•‘          â”‚          â”‚          â”‚ dependencies. Run 'npm i -S adwen-ui' to add it        â”‚ extraneous-          â•‘
â•‘          â”‚          â”‚          â”‚                                                        â”‚ dependencies         â•‘
â•‘ 3        â”‚ 9        â”‚ [31m[31m[31m[31m[31merror[39m    â”‚ Unable to resolve path to module                       â”‚ import/no-unresolved â•‘
â•‘          â”‚          â”‚          â”‚ 'adwen-ui/css/flexbox.css'.                            â”‚                      â•‘
â•‘ 4        â”‚ 1        â”‚ [31m[31m[31m[31m[31merror[39m    â”‚ Import in body of module; reorder to top.              â”‚ import/imports-first â•‘
â•‘ 5        â”‚ 1        â”‚ [31m[31m[31m[31m[31merror[39m    â”‚ Import in body of module; reorder to top.              â”‚ import/imports-first â•‘
â•‘ 5        â”‚ 1        â”‚ [31m[31m[31m[31m[31merror[39m    â”‚ 'classnames' should be listed in the project's         â”‚ import/no-           â•‘
â•‘          â”‚          â”‚          â”‚ dependencies. Run 'npm i -S classnames' to add it      â”‚ extraneous-          â•‘
â•‘          â”‚          â”‚          â”‚                                                        â”‚ dependencies         â•‘
â•‘ 5        â”‚ 16       â”‚ [31m[31m[31m[31m[31merror[39m    â”‚ Absolute imports should come before relative           â”‚ import/imports-first â•‘
â•‘          â”‚          â”‚          â”‚ imports.                                               â”‚                      â•‘
â•‘ 6        â”‚ 1        â”‚ [31m[31m[31m[31m[31merror[39m    â”‚ Import in body of module; reorder to top.              â”‚ import/imports-first â•‘

C:\Users\serge\Desktop\knockknock\_portals\sportleafs\components\Layout\Header.js

â•‘ [1m[1m[1m[1mLine[22m     â”‚ [1m[1m[1m[1mColumn[22m   â”‚ [1m[1m[1m[1mType[22m     â”‚ [1mMessage[22m                                                â”‚ [1mRule ID[22m              â•‘
â•Ÿâ”€â”€â”€â”€â”€â”€â”€â”€â”€â”€â”¼â”€â”€â”€â”€â”€â”€â”€â”€â”€â”€â”¼â”€â”€â”€â”€â”€â”€â”€â”€â”€â”€â”¼â”€â”€â”€â”€â”€â”€â”€â”€â”€â”€â”€â”€â”€â”€â”€â”€â”€â”€â”€â”€â”€â”€â”€â”€â”€â”€â”€â”€â”€â”€â”€â”€â”€â”€â”€â”€â”€â”€â”€â”€â”€â”€â”€â”€â”€â”€â”€â”€â”€â”€â”€â”€â”€â”€â”€â”€â”¼â”€â”€â”€â”€â”€â”€â”€â”€â”€â”€â”€â”€â”€â”€â”€â”€â”€â”€â”€â”€â”€â”€â•¢
â•‘ 1        â”‚ 1        â”‚ [31m[31m[31m[31m[31merror[39m    â”‚ 'react' should be listed in the project's              â”‚ import/no-           â•‘
â•‘          â”‚          â”‚          â”‚ dependencies. Run 'npm i -S react' to add it           â”‚ extraneous-          â•‘
â•‘          â”‚          â”‚          â”‚                                                        â”‚ dependencies         â•‘
â•‘ 3        â”‚ 1        â”‚ [31m[31m[31m[31m[31merror[39m    â”‚ 'firebase-logins' should be listed in the              â”‚ import/no-           â•‘
â•‘          â”‚          â”‚          â”‚ project's dependencies. Run 'npm i -S                  â”‚ extraneous-          â•‘
â•‘          â”‚          â”‚          â”‚ firebase-logins' to add it                             â”‚ dependencies         â•‘
â•‘ 3        â”‚ 28       â”‚ [31m[31m[31m[31m[31merror[39m    â”‚ Unable to resolve path to module                       â”‚ import/no-unresolved â•‘
â•‘          â”‚          â”‚          â”‚ 'firebase-logins'.                                     â”‚                      â•‘
â•‘ 3        â”‚ 28       â”‚ [31m[31m[31m[31m[31merror[39m    â”‚ Missing file extension for "firebase-logins"           â”‚ import/extensions    â•‘
â•‘ 4        â”‚ 20       â”‚ [31m[31m[31m[31m[31merror[39m    â”‚ Unexpected use of file extension "js" for              â”‚ import/extensions    â•‘
â•‘          â”‚          â”‚          â”‚ "../../config.js"                                      â”‚                      â•‘
â•‘ 7        â”‚ 1        â”‚ [31m[31m[31m[31m[31merror[39m    â”‚ 'classnames' should be listed in the project's         â”‚ import/no-           â•‘
â•‘          â”‚          â”‚          â”‚ dependencies. Run 'npm i -S classnames' to add it      â”‚ extraneous-          â•‘
â•‘          â”‚          â”‚          â”‚                                                        â”‚ dependencies         â•‘
â•‘ 7        â”‚ 16       â”‚ [31m[31m[31m[31m[31merror[39m    â”‚ Absolute imports should come before relative           â”‚ import/imports-first â•‘
â•‘          â”‚          â”‚          â”‚ imports.                                               â”‚                      â•‘
â•‘ 11       â”‚ 1        â”‚ [31m[31m[31m[31m[31merror[39m    â”‚ 'adwen-ui' should be listed in the project's           â”‚ import/no-           â•‘
â•‘          â”‚          â”‚          â”‚ dependencies. Run 'npm i -S adwen-ui' to add it        â”‚ extraneous-          â•‘
â•‘          â”‚          â”‚          â”‚                                                        â”‚ dependencies         â•‘
â•‘ 11       â”‚ 9        â”‚ [31m[31m[31m[31m[31merror[39m    â”‚ Unable to resolve path to module                       â”‚ import/no-unresolved â•‘
â•‘          â”‚          â”‚          â”‚ 'adwen-ui/css/flexbox.css'.                            â”‚                      â•‘
â•‘ 12       â”‚ 1        â”‚ [31m[31m[31m[31m[31merror[39m    â”‚ 'adwen-ui' should be listed in the project's           â”‚ import/no-           â•‘
â•‘          â”‚          â”‚          â”‚ dependencies. Run 'npm i -S adwen-ui' to add it        â”‚ extraneous-          â•‘
â•‘          â”‚          â”‚          â”‚                                                        â”‚ dependencies         â•‘
â•‘ 12       â”‚ 9        â”‚ [31m[31m[31m[31m[31merror[39m    â”‚ Unable to resolve path to module                       â”‚ import/no-unresolved â•‘
â•‘          â”‚          â”‚          â”‚ 'adwen-ui/css/sizes.css'.                              â”‚                      â•‘
â•‘ 13       â”‚ 1        â”‚ [31m[31m[31m[31m[31merror[39m    â”‚ Import in body of module; reorder to top.              â”‚ import/imports-first â•‘
â•‘ 39       â”‚ 43       â”‚ [31m[31m[31m[31m[31merror[39m    â”‚ img elements must have an alt prop or use              â”‚ jsx-a11y/img-has-alt â•‘
â•‘          â”‚          â”‚          â”‚ role="presentation".                                   â”‚                      â•‘

C:\Users\serge\Desktop\knockknock\_portals\sportleafs\components\Layout\Layout.js

â•‘ [1m[1m[1m[1mLine[22m     â”‚ [1m[1m[1m[1mColumn[22m   â”‚ [1m[1m[1m[1mType[22m     â”‚ [1mMessage[22m                                                â”‚ [1mRule ID[22m              â•‘
â•Ÿâ”€â”€â”€â”€â”€â”€â”€â”€â”€â”€â”¼â”€â”€â”€â”€â”€â”€â”€â”€â”€â”€â”¼â”€â”€â”€â”€â”€â”€â”€â”€â”€â”€â”¼â”€â”€â”€â”€â”€â”€â”€â”€â”€â”€â”€â”€â”€â”€â”€â”€â”€â”€â”€â”€â”€â”€â”€â”€â”€â”€â”€â”€â”€â”€â”€â”€â”€â”€â”€â”€â”€â”€â”€â”€â”€â”€â”€â”€â”€â”€â”€â”€â”€â”€â”€â”€â”€â”€â”€â”€â”¼â”€â”€â”€â”€â”€â”€â”€â”€â”€â”€â”€â”€â”€â”€â”€â”€â”€â”€â”€â”€â”€â”€â•¢
â•‘ 2        â”‚ 1        â”‚ [31m[31m[31m[31m[31merror[39m    â”‚ 'react' should be listed in the project's              â”‚ import/no-           â•‘
â•‘          â”‚          â”‚          â”‚ dependencies. Run 'npm i -S react' to add it           â”‚ extraneous-          â•‘
â•‘          â”‚          â”‚          â”‚                                                        â”‚ dependencies         â•‘
â•‘ 6        â”‚ 1        â”‚ [31m[31m[31m[31m[31merror[39m    â”‚ 'adwen-ui' should be listed in the project's           â”‚ import/no-           â•‘
â•‘          â”‚          â”‚          â”‚ dependencies. Run 'npm i -S adwen-ui' to add it        â”‚ extraneous-          â•‘
â•‘          â”‚          â”‚          â”‚                                                        â”‚ dependencies         â•‘
â•‘ 6        â”‚ 8        â”‚ [31m[31m[31m[31m[31merror[39m    â”‚ 'UnderContruction' is defined but never used.          â”‚ no-unused-vars       â•‘
â•‘ 6        â”‚ 30       â”‚ [31m[31m[31m[31m[31merror[39m    â”‚ Absolute imports should come before relative           â”‚ import/imports-first â•‘
â•‘          â”‚          â”‚          â”‚ imports.                                               â”‚                      â•‘
â•‘ 6        â”‚ 30       â”‚ [31m[31m[31m[31m[31merror[39m    â”‚ Unable to resolve path to module                       â”‚ import/no-unresolved â•‘
â•‘          â”‚          â”‚          â”‚ 'adwen-ui/under-construction'.                         â”‚                      â•‘
â•‘ 6        â”‚ 30       â”‚ [31m[31m[31m[31m[31merror[39m    â”‚ Missing file extension for                             â”‚ import/extensions    â•‘
â•‘          â”‚          â”‚          â”‚ "adwen-ui/under-construction"                          â”‚                      â•‘
â•‘ 8        â”‚ 8        â”‚ [31m[31m[31m[31m[31merror[39m    â”‚ 'Link' is defined but never used.                      â”‚ no-unused-vars       â•‘
â•‘ 10       â”‚ 1        â”‚ [31m[31m[31m[31m[31merror[39m    â”‚ 'adwen-ui' should be listed in the project's           â”‚ import/no-           â•‘
â•‘          â”‚          â”‚          â”‚ dependencies. Run 'npm i -S adwen-ui' to add it        â”‚ extraneous-          â•‘
â•‘          â”‚          â”‚          â”‚                                                        â”‚ dependencies         â•‘
â•‘ 10       â”‚ 9        â”‚ [31m[31m[31m[31m[31merror[39m    â”‚ Unable to resolve path to module                       â”‚ import/no-unresolved â•‘
â•‘          â”‚          â”‚          â”‚ 'adwen-ui/css/flexbox.css'.                            â”‚                      â•‘
â•‘ 11       â”‚ 1        â”‚ [31m[31m[31m[31m[31merror[39m    â”‚ 'adwen-ui' should be listed in the project's           â”‚ import/no-           â•‘
â•‘          â”‚          â”‚          â”‚ dependencies. Run 'npm i -S adwen-ui' to add it        â”‚ extraneous-          â•‘
â•‘          â”‚          â”‚          â”‚                                                        â”‚ dependencies         â•‘
â•‘ 11       â”‚ 9        â”‚ [31m[31m[31m[31m[31merror[39m    â”‚ Unable to resolve path to module                       â”‚ import/no-unresolved â•‘
â•‘          â”‚          â”‚          â”‚ 'adwen-ui/css/normalize.scss'.                         â”‚                      â•‘
â•‘ 12       â”‚ 1        â”‚ [31m[31m[31m[31m[31merror[39m    â”‚ 'adwen-ui' should be listed in the project's           â”‚ import/no-           â•‘
â•‘          â”‚          â”‚          â”‚ dependencies. Run 'npm i -S adwen-ui' to add it        â”‚ extraneous-          â•‘
â•‘          â”‚          â”‚          â”‚                                                        â”‚ dependencies         â•‘
â•‘ 12       â”‚ 9        â”‚ [31m[31m[31m[31m[31merror[39m    â”‚ Unable to resolve path to module                       â”‚ import/no-unresolved â•‘
â•‘          â”‚          â”‚          â”‚ 'adwen-ui/css/global.scss'.                            â”‚                      â•‘
â•‘ 13       â”‚ 1        â”‚ [31m[31m[31m[31m[31merror[39m    â”‚ 'font-awesome' should be listed in the project's       â”‚ import/no-           â•‘
â•‘          â”‚          â”‚          â”‚ dependencies. Run 'npm i -S font-awesome' to add       â”‚ extraneous-          â•‘
â•‘          â”‚          â”‚          â”‚ it                                                     â”‚ dependencies         â•‘
â•‘ 14       â”‚ 1        â”‚ [31m[31m[31m[31m[31merror[39m    â”‚ 'classnames' should be listed in the project's         â”‚ import/no-           â•‘
â•‘          â”‚          â”‚          â”‚ dependencies. Run 'npm i -S classnames' to add it      â”‚ extraneous-          â•‘
â•‘          â”‚          â”‚          â”‚                                                        â”‚ dependencies         â•‘
â•‘ 14       â”‚ 1        â”‚ [31m[31m[31m[31m[31merror[39m    â”‚ Import in body of module; reorder to top.              â”‚ import/imports-first â•‘
â•‘ 14       â”‚ 16       â”‚ [31m[31m[31m[31m[31merror[39m    â”‚ Absolute imports should come before relative           â”‚ import/imports-first â•‘
â•‘          â”‚          â”‚          â”‚ imports.                                               â”‚                      â•‘
â•‘ 15       â”‚ 1        â”‚ [31m[31m[31m[31m[31merror[39m    â”‚ Import in body of module; reorder to top.              â”‚ import/imports-first â•‘
â•‘ 31       â”‚ 52       â”‚ [31m[31m[31m[31m[31merror[39m    â”‚ 'children' is missing in props validation              â”‚ react/prop-types     â•‘

C:\Users\serge\Desktop\knockknock\_portals\sportleafs\components\Link\Link.js

â•‘ [1m[1m[1m[1mLine[22m     â”‚ [1m[1m[1m[1mColumn[22m   â”‚ [1m[1m[1m[1mType[22m     â”‚ [1mMessage[22m                                                â”‚ [1mRule ID[22m              â•‘
â•Ÿâ”€â”€â”€â”€â”€â”€â”€â”€â”€â”€â”¼â”€â”€â”€â”€â”€â”€â”€â”€â”€â”€â”¼â”€â”€â”€â”€â”€â”€â”€â”€â”€â”€â”¼â”€â”€â”€â”€â”€â”€â”€â”€â”€â”€â”€â”€â”€â”€â”€â”€â”€â”€â”€â”€â”€â”€â”€â”€â”€â”€â”€â”€â”€â”€â”€â”€â”€â”€â”€â”€â”€â”€â”€â”€â”€â”€â”€â”€â”€â”€â”€â”€â”€â”€â”€â”€â”€â”€â”€â”€â”¼â”€â”€â”€â”€â”€â”€â”€â”€â”€â”€â”€â”€â”€â”€â”€â”€â”€â”€â”€â”€â”€â”€â•¢
â•‘ 1        â”‚ 1        â”‚ [31m[31m[31m[31m[31merror[39m    â”‚ 'react' should be listed in the project's              â”‚ import/no-           â•‘
â•‘          â”‚          â”‚          â”‚ dependencies. Run 'npm i -S react' to add it           â”‚ extraneous-          â•‘
â•‘          â”‚          â”‚          â”‚                                                        â”‚ dependencies         â•‘
â•‘ 4        â”‚ 1        â”‚ [31m[31m[31m[31m[31merror[39m    â”‚ 'classnames' should be listed in the project's         â”‚ import/no-           â•‘
â•‘          â”‚          â”‚          â”‚ dependencies. Run 'npm i -S classnames' to add it      â”‚ extraneous-          â•‘
â•‘          â”‚          â”‚          â”‚                                                        â”‚ dependencies         â•‘
â•‘ 4        â”‚ 16       â”‚ [31m[31m[31m[31m[31merror[39m    â”‚ Absolute imports should come before relative           â”‚ import/imports-first â•‘
â•‘          â”‚          â”‚          â”‚ imports.                                               â”‚                      â•‘
â•‘ 47       â”‚ 12       â”‚ [31m[31m[31m[31m[31merror[39m    â”‚ Anchors must have content and the content must be      â”‚ jsx-a11y/anchor-has- â•‘
â•‘          â”‚          â”‚          â”‚ accessible by a screen reader.                         â”‚ content              â•‘
â•‘ 47       â”‚ 59       â”‚ [31m[31m[31m[31m[31merror[39m    â”‚ 'className' is missing in props validation             â”‚ react/prop-types     â•‘

C:\Users\serge\Desktop\knockknock\_portals\sportleafs\components\message\index.js

â•‘ [1m[1m[1m[1mLine[22m     â”‚ [1m[1m[1m[1mColumn[22m   â”‚ [1m[1m[1m[1mType[22m     â”‚ [1mMessage[22m                                                â”‚ [1mRule ID[22m              â•‘
â•Ÿâ”€â”€â”€â”€â”€â”€â”€â”€â”€â”€â”¼â”€â”€â”€â”€â”€â”€â”€â”€â”€â”€â”¼â”€â”€â”€â”€â”€â”€â”€â”€â”€â”€â”¼â”€â”€â”€â”€â”€â”€â”€â”€â”€â”€â”€â”€â”€â”€â”€â”€â”€â”€â”€â”€â”€â”€â”€â”€â”€â”€â”€â”€â”€â”€â”€â”€â”€â”€â”€â”€â”€â”€â”€â”€â”€â”€â”€â”€â”€â”€â”€â”€â”€â”€â”€â”€â”€â”€â”€â”€â”¼â”€â”€â”€â”€â”€â”€â”€â”€â”€â”€â”€â”€â”€â”€â”€â”€â”€â”€â”€â”€â”€â”€â•¢
â•‘ 4        â”‚ 1        â”‚ [31m[31m[31m[31m[31merror[39m    â”‚ 'adwen-ui' should be listed in the project's           â”‚ import/no-           â•‘
â•‘          â”‚          â”‚          â”‚ dependencies. Run 'npm i -S adwen-ui' to add it        â”‚ extraneous-          â•‘
â•‘          â”‚          â”‚          â”‚                                                        â”‚ dependencies         â•‘
â•‘ 4        â”‚ 8        â”‚ [31m[31m[31m[31m[31merror[39m    â”‚ 'flexbox' is defined but never used.                   â”‚ no-unused-vars       â•‘
â•‘ 4        â”‚ 21       â”‚ [31m[31m[31m[31m[31merror[39m    â”‚ Unable to resolve path to module                       â”‚ import/no-unresolved â•‘
â•‘          â”‚          â”‚          â”‚ 'adwen-ui/css/flexbox.css'.                            â”‚                      â•‘
â•‘ 6        â”‚ 1        â”‚ [31m[31m[31m[31m[31merror[39m    â”‚ 'classnames' should be listed in the project's         â”‚ import/no-           â•‘
â•‘          â”‚          â”‚          â”‚ dependencies. Run 'npm i -S classnames' to add it      â”‚ extraneous-          â•‘
â•‘          â”‚          â”‚          â”‚                                                        â”‚ dependencies         â•‘
â•‘ 6        â”‚ 16       â”‚ [31m[31m[31m[31m[31merror[39m    â”‚ Absolute imports should come before relative           â”‚ import/imports-first â•‘
â•‘          â”‚          â”‚          â”‚ imports.                                               â”‚                      â•‘
â•‘ 7        â”‚ 1        â”‚ [31m[31m[31m[31m[31merror[39m    â”‚ 'react-flip-move' should be listed in the              â”‚ import/no-           â•‘
â•‘          â”‚          â”‚          â”‚ project's dependencies. Run 'npm i -S                  â”‚ extraneous-          â•‘
â•‘          â”‚          â”‚          â”‚ react-flip-move' to add it                             â”‚ dependencies         â•‘
â•‘ 7        â”‚ 8        â”‚ [31m[31m[31m[31m[31merror[39m    â”‚ 'FlipMove' is defined but never used.                  â”‚ no-unused-vars       â•‘
â•‘ 7        â”‚ 22       â”‚ [31m[31m[31m[31m[31merror[39m    â”‚ Absolute imports should come before relative           â”‚ import/imports-first â•‘
â•‘          â”‚          â”‚          â”‚ imports.                                               â”‚                      â•‘
â•‘ 27       â”‚ 7        â”‚ [31m[31m[31m[31m[31merror[39m    â”‚ Do not use setState in componentDidMount               â”‚ react/no-did-mount-  â•‘
â•‘          â”‚          â”‚          â”‚                                                        â”‚ set-state            â•‘
â•‘ 61       â”‚ 1        â”‚ [31m[31m[31m[31m[31merror[39m    â”‚ Line 61 exceeds the maximum line length of 150.        â”‚ max-len              â•‘
â•‘ 61       â”‚ 13       â”‚ [31m[31m[31m[31m[31merror[39m    â”‚ Visible, non-interactive elements should not have      â”‚ jsx-a11y/no-static-  â•‘
â•‘          â”‚          â”‚          â”‚ mouse or keyboard event listeners                      â”‚ element-interactions â•‘
â•‘ 61       â”‚ 43       â”‚ [31m[31m[31m[31m[31merror[39m    â”‚ Using string literals in ref attributes is             â”‚ react/no-string-refs â•‘
â•‘          â”‚          â”‚          â”‚ deprecated.                                            â”‚                      â•‘
â•‘ 80       â”‚ 1        â”‚ [31m[31m[31m[31m[31merror[39m    â”‚ Line 80 exceeds the maximum line length of 150.        â”‚ max-len              â•‘

C:\Users\serge\Desktop\knockknock\_portals\sportleafs\components\navigation\index.js

â•‘ [1m[1m[1m[1mLine[22m     â”‚ [1m[1m[1m[1mColumn[22m   â”‚ [1m[1m[1m[1mType[22m     â”‚ [1mMessage[22m                                                â”‚ [1mRule ID[22m              â•‘
â•Ÿâ”€â”€â”€â”€â”€â”€â”€â”€â”€â”€â”¼â”€â”€â”€â”€â”€â”€â”€â”€â”€â”€â”¼â”€â”€â”€â”€â”€â”€â”€â”€â”€â”€â”¼â”€â”€â”€â”€â”€â”€â”€â”€â”€â”€â”€â”€â”€â”€â”€â”€â”€â”€â”€â”€â”€â”€â”€â”€â”€â”€â”€â”€â”€â”€â”€â”€â”€â”€â”€â”€â”€â”€â”€â”€â”€â”€â”€â”€â”€â”€â”€â”€â”€â”€â”€â”€â”€â”€â”€â”€â”¼â”€â”€â”€â”€â”€â”€â”€â”€â”€â”€â”€â”€â”€â”€â”€â”€â”€â”€â”€â”€â”€â”€â•¢
â•‘ 4        â”‚ 1        â”‚ [31m[31m[31m[31m[31merror[39m    â”‚ 'classnames' should be listed in the project's         â”‚ import/no-           â•‘
â•‘          â”‚          â”‚          â”‚ dependencies. Run 'npm i -S classnames' to add it      â”‚ extraneous-          â•‘
â•‘          â”‚          â”‚          â”‚                                                        â”‚ dependencies         â•‘
â•‘ 4        â”‚ 16       â”‚ [31m[31m[31m[31m[31merror[39m    â”‚ Absolute imports should come before relative           â”‚ import/imports-first â•‘
â•‘          â”‚          â”‚          â”‚ imports.                                               â”‚                      â•‘
â•‘ 7        â”‚ 1        â”‚ [31m[31m[31m[31m[31merror[39m    â”‚ 'adwen-ui' should be listed in the project's           â”‚ import/no-           â•‘
â•‘          â”‚          â”‚          â”‚ dependencies. Run 'npm i -S adwen-ui' to add it        â”‚ extraneous-          â•‘
â•‘          â”‚          â”‚          â”‚                                                        â”‚ dependencies         â•‘
â•‘ 7        â”‚ 9        â”‚ [31m[31m[31m[31m[31merror[39m    â”‚ Unable to resolve path to module                       â”‚ import/no-unresolved â•‘
â•‘          â”‚          â”‚          â”‚ 'adwen-ui/css/flexbox.css'.                            â”‚                      â•‘
â•‘ 35       â”‚ 47       â”‚ [31m[31m[31m[31m[31merror[39m    â”‚ 'className' is missing in props validation             â”‚ react/prop-types     â•‘

C:\Users\serge\Desktop\knockknock\_portals\sportleafs\components\switches\index.js

â•‘ [1m[1m[1m[1mLine[22m     â”‚ [1m[1m[1m[1mColumn[22m   â”‚ [1m[1m[1m[1mType[22m     â”‚ [1mMessage[22m                                                â”‚ [1mRule ID[22m              â•‘
â•Ÿâ”€â”€â”€â”€â”€â”€â”€â”€â”€â”€â”¼â”€â”€â”€â”€â”€â”€â”€â”€â”€â”€â”¼â”€â”€â”€â”€â”€â”€â”€â”€â”€â”€â”¼â”€â”€â”€â”€â”€â”€â”€â”€â”€â”€â”€â”€â”€â”€â”€â”€â”€â”€â”€â”€â”€â”€â”€â”€â”€â”€â”€â”€â”€â”€â”€â”€â”€â”€â”€â”€â”€â”€â”€â”€â”€â”€â”€â”€â”€â”€â”€â”€â”€â”€â”€â”€â”€â”€â”€â”€â”¼â”€â”€â”€â”€â”€â”€â”€â”€â”€â”€â”€â”€â”€â”€â”€â”€â”€â”€â”€â”€â”€â”€â•¢
â•‘ 4        â”‚ 1        â”‚ [31m[31m[31m[31m[31merror[39m    â”‚ 'adwen-ui' should be listed in the project's           â”‚ import/no-           â•‘
â•‘          â”‚          â”‚          â”‚ dependencies. Run 'npm i -S adwen-ui' to add it        â”‚ extraneous-          â•‘
â•‘          â”‚          â”‚          â”‚                                                        â”‚ dependencies         â•‘
â•‘ 4        â”‚ 8        â”‚ [31m[31m[31m[31m[31merror[39m    â”‚ 'flexbox' is defined but never used.                   â”‚ no-unused-vars       â•‘
â•‘ 4        â”‚ 21       â”‚ [31m[31m[31m[31m[31merror[39m    â”‚ Unable to resolve path to module                       â”‚ import/no-unresolved â•‘
â•‘          â”‚          â”‚          â”‚ 'adwen-ui/css/flexbox.css'.                            â”‚                      â•‘
â•‘ 6        â”‚ 1        â”‚ [31m[31m[31m[31m[31merror[39m    â”‚ 'classnames' should be listed in the project's         â”‚ import/no-           â•‘
â•‘          â”‚          â”‚          â”‚ dependencies. Run 'npm i -S classnames' to add it      â”‚ extraneous-          â•‘
â•‘          â”‚          â”‚          â”‚                                                        â”‚ dependencies         â•‘
â•‘ 6        â”‚ 16       â”‚ [31m[31m[31m[31m[31merror[39m    â”‚ Absolute imports should come before relative           â”‚ import/imports-first â•‘
â•‘          â”‚          â”‚          â”‚ imports.                                               â”‚                      â•‘
â•‘ 7        â”‚ 1        â”‚ [31m[31m[31m[31m[31merror[39m    â”‚ 'adwen-ui' should be listed in the project's           â”‚ import/no-           â•‘
â•‘          â”‚          â”‚          â”‚ dependencies. Run 'npm i -S adwen-ui' to add it        â”‚ extraneous-          â•‘
â•‘          â”‚          â”‚          â”‚                                                        â”‚ dependencies         â•‘
â•‘ 7        â”‚ 20       â”‚ [31m[31m[31m[31m[31merror[39m    â”‚ Absolute imports should come before relative           â”‚ import/imports-first â•‘
â•‘          â”‚          â”‚          â”‚ imports.                                               â”‚                      â•‘
â•‘ 7        â”‚ 20       â”‚ [31m[31m[31m[31m[31merror[39m    â”‚ Missing file extension for "adwen-ui/button"           â”‚ import/extensions    â•‘
â•‘ 7        â”‚ 20       â”‚ [31m[31m[31m[31m[31merror[39m    â”‚ Unable to resolve path to module                       â”‚ import/no-unresolved â•‘
â•‘          â”‚          â”‚          â”‚ 'adwen-ui/button'.                                     â”‚                      â•‘
â•‘ 38       â”‚ 19       â”‚ [31m[31m[31m[31m[31merror[39m    â”‚ 'evt' is defined but never used.                       â”‚ no-unused-vars       â•‘
â•‘ 40       â”‚ 53       â”‚ [31m[31m[31m[31m[31merror[39m    â”‚ Using this.refs is deprecated.                         â”‚ react/no-string-refs â•‘
â•‘ 42       â”‚ 22       â”‚ [31m[31m[31m[31m[31merror[39m    â”‚ 'onChange' is missing in props validation              â”‚ react/prop-types     â•‘
â•‘ 43       â”‚ 20       â”‚ [31m[31m[31m[31m[31merror[39m    â”‚ 'onChange' is missing in props validation              â”‚ react/prop-types     â•‘
â•‘ 51       â”‚ 28       â”‚ [31m[31m[31m[31m[31merror[39m    â”‚ Using string literals in ref attributes is             â”‚ react/no-string-refs â•‘
â•‘          â”‚          â”‚          â”‚ deprecated.                                            â”‚                      â•‘
â•‘ 52       â”‚ 1        â”‚ [31m[31m[31m[31m[31merror[39m    â”‚ Line 52 exceeds the maximum line length of 150.        â”‚ max-len              â•‘
â•‘ 52       â”‚ 28       â”‚ [31m[31m[31m[31m[31merror[39m    â”‚ Using string literals in ref attributes is             â”‚ react/no-string-refs â•‘
â•‘          â”‚          â”‚          â”‚ deprecated.                                            â”‚                      â•‘
â•‘ 53       â”‚ 28       â”‚ [31m[31m[31m[31m[31merror[39m    â”‚ Using string literals in ref attributes is             â”‚ react/no-string-refs â•‘
â•‘          â”‚          â”‚          â”‚ deprecated.                                            â”‚                      â•‘
â•‘ 54       â”‚ 28       â”‚ [31m[31m[31m[31m[31merror[39m    â”‚ Using string literals in ref attributes is             â”‚ react/no-string-refs â•‘
â•‘          â”‚          â”‚          â”‚ deprecated.                                            â”‚                      â•‘
â•‘ 55       â”‚ 28       â”‚ [31m[31m[31m[31m[31merror[39m    â”‚ Using string literals in ref attributes is             â”‚ react/no-string-refs â•‘
â•‘          â”‚          â”‚          â”‚ deprecated.                                            â”‚                      â•‘

C:\Users\serge\Desktop\knockknock\_portals\sportleafs\components\Tweet\index.js

â•‘ [1m[1m[1m[1mLine[22m     â”‚ [1m[1m[1m[1mColumn[22m   â”‚ [1m[1m[1m[1mType[22m     â”‚ [1mMessage[22m                                                â”‚ [1mRule ID[22m              â•‘
â•Ÿâ”€â”€â”€â”€â”€â”€â”€â”€â”€â”€â”¼â”€â”€â”€â”€â”€â”€â”€â”€â”€â”€â”¼â”€â”€â”€â”€â”€â”€â”€â”€â”€â”€â”¼â”€â”€â”€â”€â”€â”€â”€â”€â”€â”€â”€â”€â”€â”€â”€â”€â”€â”€â”€â”€â”€â”€â”€â”€â”€â”€â”€â”€â”€â”€â”€â”€â”€â”€â”€â”€â”€â”€â”€â”€â”€â”€â”€â”€â”€â”€â”€â”€â”€â”€â”€â”€â”€â”€â”€â”€â”¼â”€â”€â”€â”€â”€â”€â”€â”€â”€â”€â”€â”€â”€â”€â”€â”€â”€â”€â”€â”€â”€â”€â•¢
â•‘ 3        â”‚ 1        â”‚ [31m[31m[31m[31m[31merror[39m    â”‚ 'adwen-ui' should be listed in the project's           â”‚ import/no-           â•‘
â•‘          â”‚          â”‚          â”‚ dependencies. Run 'npm i -S adwen-ui' to add it        â”‚ extraneous-          â•‘
â•‘          â”‚          â”‚          â”‚                                                        â”‚ dependencies         â•‘
â•‘ 3        â”‚ 9        â”‚ [31m[31m[31m[31m[31merror[39m    â”‚ Unable to resolve path to module                       â”‚ import/no-unresolved â•‘
â•‘          â”‚          â”‚          â”‚ 'adwen-ui/css/flexbox.css'.                            â”‚                      â•‘
â•‘ 4        â”‚ 1        â”‚ [31m[31m[31m[31m[31merror[39m    â”‚ 'velocity-react' should be listed in the project's     â”‚ import/no-           â•‘
â•‘          â”‚          â”‚          â”‚ dependencies. Run 'npm i -S velocity-react' to add     â”‚ extraneous-          â•‘
â•‘          â”‚          â”‚          â”‚ it                                                     â”‚ dependencies         â•‘
â•‘ 4        â”‚ 1        â”‚ [31m[31m[31m[31m[31merror[39m    â”‚ Import in body of module; reorder to top.              â”‚ import/imports-first â•‘
â•‘ 4        â”‚ 10       â”‚ [31m[31m[31m[31m[31merror[39m    â”‚ 'VelocityComponent' is defined but never used.         â”‚ no-unused-vars       â•‘
â•‘ 4        â”‚ 29       â”‚ [31m[31m[31m[31m[31merror[39m    â”‚ 'VelocityTransitionGroup' is defined but never         â”‚ no-unused-vars       â•‘
â•‘          â”‚          â”‚          â”‚ used.                                                  â”‚                      â•‘
â•‘ 5        â”‚ 1        â”‚ [31m[31m[31m[31m[31merror[39m    â”‚ Import in body of module; reorder to top.              â”‚ import/imports-first â•‘
â•‘ 6        â”‚ 1        â”‚ [31m[31m[31m[31m[31merror[39m    â”‚ Import in body of module; reorder to top.              â”‚ import/imports-first â•‘
â•‘ 6        â”‚ 1        â”‚ [31m[31m[31m[31m[31merror[39m    â”‚ 'classnames' should be listed in the project's         â”‚ import/no-           â•‘
â•‘          â”‚          â”‚          â”‚ dependencies. Run 'npm i -S classnames' to add it      â”‚ extraneous-          â•‘
â•‘          â”‚          â”‚          â”‚                                                        â”‚ dependencies         â•‘
â•‘ 6        â”‚ 16       â”‚ [31m[31m[31m[31m[31merror[39m    â”‚ Absolute imports should come before relative           â”‚ import/imports-first â•‘
â•‘          â”‚          â”‚          â”‚ imports.                                               â”‚                      â•‘
â•‘ 22       â”‚ 30       â”‚ [31m[31m[31m[31m[31merror[39m    â”‚ 'tweet' is missing in props validation                 â”‚ react/prop-types     â•‘
â•‘ 25       â”‚ 17       â”‚ [31m[31m[31m[31m[31merror[39m    â”‚ img elements must have an alt prop or use              â”‚ jsx-a11y/img-has-alt â•‘
â•‘          â”‚          â”‚          â”‚ role="presentation".                                   â”‚                      â•‘

C:\Users\serge\Desktop\knockknock\_portals\sportleafs\data\twitter-openshift.js

â•‘ [1m[1m[1m[1mLine[22m     â”‚ [1m[1m[1m[1mColumn[22m   â”‚ [1m[1m[1m[1mType[22m     â”‚ [1mMessage[22m                                                â”‚ [1mRule ID[22m              â•‘
â•Ÿâ”€â”€â”€â”€â”€â”€â”€â”€â”€â”€â”¼â”€â”€â”€â”€â”€â”€â”€â”€â”€â”€â”¼â”€â”€â”€â”€â”€â”€â”€â”€â”€â”€â”¼â”€â”€â”€â”€â”€â”€â”€â”€â”€â”€â”€â”€â”€â”€â”€â”€â”€â”€â”€â”€â”€â”€â”€â”€â”€â”€â”€â”€â”€â”€â”€â”€â”€â”€â”€â”€â”€â”€â”€â”€â”€â”€â”€â”€â”€â”€â”€â”€â”€â”€â”€â”€â”€â”€â”€â”€â”¼â”€â”€â”€â”€â”€â”€â”€â”€â”€â”€â”€â”€â”€â”€â”€â”€â”€â”€â”€â”€â”€â”€â•¢
â•‘ 1        â”‚ 19       â”‚ [31m[31m[31m[31m[31merror[39m    â”‚ Unexpected use of file extension "js" for              â”‚ import/extensions    â•‘
â•‘          â”‚          â”‚          â”‚ "../core/store.js"                                     â”‚                      â•‘
â•‘ 3        â”‚ 12       â”‚ [31m[31m[31m[31m[31merror[39m    â”‚ 'socket.io-client' should be listed in the             â”‚ import/no-           â•‘
â•‘          â”‚          â”‚          â”‚ project's dependencies. Run 'npm i -S                  â”‚ extraneous-          â•‘
â•‘          â”‚          â”‚          â”‚ socket.io-client' to add it                            â”‚ dependencies         â•‘

C:\Users\serge\Desktop\knockknock\_portals\sportleafs\core\router.js

â•‘ [1m[1m[1m[1mLine[22m     â”‚ [1m[1m[1m[1mColumn[22m   â”‚ [1m[1m[1m[1mType[22m     â”‚ [1mMessage[22m                                                â”‚ [1mRule ID[22m              â•‘
â•Ÿâ”€â”€â”€â”€â”€â”€â”€â”€â”€â”€â”¼â”€â”€â”€â”€â”€â”€â”€â”€â”€â”€â”¼â”€â”€â”€â”€â”€â”€â”€â”€â”€â”€â”¼â”€â”€â”€â”€â”€â”€â”€â”€â”€â”€â”€â”€â”€â”€â”€â”€â”€â”€â”€â”€â”€â”€â”€â”€â”€â”€â”€â”€â”€â”€â”€â”€â”€â”€â”€â”€â”€â”€â”€â”€â”€â”€â”€â”€â”€â”€â”€â”€â”€â”€â”€â”€â”€â”€â”€â”€â”¼â”€â”€â”€â”€â”€â”€â”€â”€â”€â”€â”€â”€â”€â”€â”€â”€â”€â”€â”€â”€â”€â”€â•¢
â•‘ 42       â”‚ 37       â”‚ [31m[31m[31m[31m[31merror[39m    â”‚ Unary operator '++' used.                              â”‚ no-plusplus          â•‘
â•‘ 56       â”‚ 7        â”‚ [31m[31m[31m[31m[31merror[39m    â”‚ Unexpected use of continue statement.                  â”‚ no-continue          â•‘

C:\Users\serge\Desktop\knockknock\_portals\sportleafs\pages\error\index.js

â•‘ [1m[1m[1m[1mLine[22m     â”‚ [1m[1m[1m[1mColumn[22m   â”‚ [1m[1m[1m[1mType[22m     â”‚ [1mMessage[22m                                                â”‚ [1mRule ID[22m              â•‘
â•Ÿâ”€â”€â”€â”€â”€â”€â”€â”€â”€â”€â”¼â”€â”€â”€â”€â”€â”€â”€â”€â”€â”€â”¼â”€â”€â”€â”€â”€â”€â”€â”€â”€â”€â”¼â”€â”€â”€â”€â”€â”€â”€â”€â”€â”€â”€â”€â”€â”€â”€â”€â”€â”€â”€â”€â”€â”€â”€â”€â”€â”€â”€â”€â”€â”€â”€â”€â”€â”€â”€â”€â”€â”€â”€â”€â”€â”€â”€â”€â”€â”€â”€â”€â”€â”€â”€â”€â”€â”€â”€â”€â”¼â”€â”€â”€â”€â”€â”€â”€â”€â”€â”€â”€â”€â”€â”€â”€â”€â”€â”€â”€â”€â”€â”€â•¢
â•‘ 19       â”‚ 5        â”‚ [31m[31m[31m[31m[31merror[39m    â”‚ Prop type `object` is forbidden                        â”‚ react/forbid-prop-   â•‘
â•‘          â”‚          â”‚          â”‚                                                        â”‚ types                â•‘
â•‘ 46       â”‚ 27       â”‚ [31m[31m[31m[31m[31merror[39m    â”‚ HTML entities must be escaped.                         â”‚ react/no-unescaped-  â•‘
â•‘          â”‚          â”‚          â”‚                                                        â”‚ entities             â•‘

C:\Users\serge\Desktop\knockknock\_portals\sportleafs\pages\home\index.js

â•‘ [1m[1m[1m[1mLine[22m     â”‚ [1m[1m[1m[1mColumn[22m   â”‚ [1m[1m[1m[1mType[22m     â”‚ [1mMessage[22m                                                â”‚ [1mRule ID[22m              â•‘
â•Ÿâ”€â”€â”€â”€â”€â”€â”€â”€â”€â”€â”¼â”€â”€â”€â”€â”€â”€â”€â”€â”€â”€â”¼â”€â”€â”€â”€â”€â”€â”€â”€â”€â”€â”¼â”€â”€â”€â”€â”€â”€â”€â”€â”€â”€â”€â”€â”€â”€â”€â”€â”€â”€â”€â”€â”€â”€â”€â”€â”€â”€â”€â”€â”€â”€â”€â”€â”€â”€â”€â”€â”€â”€â”€â”€â”€â”€â”€â”€â”€â”€â”€â”€â”€â”€â”€â”€â”€â”€â”€â”€â”¼â”€â”€â”€â”€â”€â”€â”€â”€â”€â”€â”€â”€â”€â”€â”€â”€â”€â”€â”€â”€â”€â”€â•¢
â•‘ 2        â”‚ 17       â”‚ [31m[31m[31m[31m[31merror[39m    â”‚ 'PropTypes' is defined but never used.                 â”‚ no-unused-vars       â•‘
â•‘ 4        â”‚ 8        â”‚ [31m[31m[31m[31m[31merror[39m    â”‚ 'Link' is defined but never used.                      â”‚ no-unused-vars       â•‘
â•‘ 6        â”‚ 1        â”‚ [31m[31m[31m[31m[31merror[39m    â”‚ 'adwen-ui' should be listed in the project's           â”‚ import/no-           â•‘
â•‘          â”‚          â”‚          â”‚ dependencies. Run 'npm i -S adwen-ui' to add it        â”‚ extraneous-          â•‘
â•‘          â”‚          â”‚          â”‚                                                        â”‚ dependencies         â•‘
â•‘ 6        â”‚ 9        â”‚ [31m[31m[31m[31m[31merror[39m    â”‚ Unable to resolve path to module                       â”‚ import/no-unresolved â•‘
â•‘          â”‚          â”‚          â”‚ 'adwen-ui/css/flexbox.css'.                            â”‚                      â•‘
â•‘ 32       â”‚ 1        â”‚ [31m[31m[31m[31m[31merror[39m    â”‚ Line 32 exceeds the maximum line length of 150.        â”‚ max-len              â•‘
â•‘ 34       â”‚ 1        â”‚ [31m[31m[31m[31m[31merror[39m    â”‚ Line 34 exceeds the maximum line length of 150.        â”‚ max-len              â•‘
â•‘ 51       â”‚ 14       â”‚ [33m[33m[33m[33m[33mwarning[39m  â”‚ Dangerous property 'dangerouslySetInnerHTML' found     â”‚ react/no-danger      â•‘

C:\Users\serge\Desktop\knockknock\_portals\sportleafs\pages\info\index.js

â•‘ [1m[1m[1m[1mLine[22m     â”‚ [1m[1m[1m[1mColumn[22m   â”‚ [1m[1m[1m[1mType[22m     â”‚ [1mMessage[22m                                                â”‚ [1mRule ID[22m              â•‘
â•Ÿâ”€â”€â”€â”€â”€â”€â”€â”€â”€â”€â”¼â”€â”€â”€â”€â”€â”€â”€â”€â”€â”€â”¼â”€â”€â”€â”€â”€â”€â”€â”€â”€â”€â”¼â”€â”€â”€â”€â”€â”€â”€â”€â”€â”€â”€â”€â”€â”€â”€â”€â”€â”€â”€â”€â”€â”€â”€â”€â”€â”€â”€â”€â”€â”€â”€â”€â”€â”€â”€â”€â”€â”€â”€â”€â”€â”€â”€â”€â”€â”€â”€â”€â”€â”€â”€â”€â”€â”€â”€â”€â”¼â”€â”€â”€â”€â”€â”€â”€â”€â”€â”€â”€â”€â”€â”€â”€â”€â”€â”€â”€â”€â”€â”€â•¢
â•‘ 2        â”‚ 20       â”‚ [31m[31m[31m[31m[31merror[39m    â”‚ 'C:\Users\serge\Desktop\knockknock\_portals\           â”‚ import/no-duplicates â•‘
â•‘          â”‚          â”‚          â”‚ sportleafs\components\Layout\Layout.js' imported       â”‚                      â•‘
â•‘          â”‚          â”‚          â”‚ multiple times.                                        â”‚                      â•‘
â•‘ 3        â”‚ 1        â”‚ [31m[31m[31m[31m[31merror[39m    â”‚ '../../components/Layout' import is duplicated.        â”‚ no-duplicate-imports â•‘
â•‘ 3        â”‚ 8        â”‚ [31m[31m[31m[31m[31merror[39m    â”‚ 'Link' is defined but never used.                      â”‚ no-unused-vars       â•‘
â•‘ 3        â”‚ 18       â”‚ [31m[31m[31m[31m[31merror[39m    â”‚ 'C:\Users\serge\Desktop\knockknock\_portals\           â”‚ import/no-duplicates â•‘
â•‘          â”‚          â”‚          â”‚ sportleafs\components\Layout\Layout.js' imported       â”‚                      â•‘
â•‘          â”‚          â”‚          â”‚ multiple times.                                        â”‚                      â•‘
â•‘ 5        â”‚ 10       â”‚ [31m[31m[31m[31m[31merror[39m    â”‚ 'title' is defined but never used.                     â”‚ no-unused-vars       â•‘
â•‘ 5        â”‚ 17       â”‚ [31m[31m[31m[31m[31merror[39m    â”‚ 'html' is defined but never used.                      â”‚ no-unused-vars       â•‘
â•‘ 8        â”‚ 1        â”‚ [31m[31m[31m[31m[31merror[39m    â”‚ 'classnames' should be listed in the project's         â”‚ import/no-           â•‘
â•‘          â”‚          â”‚          â”‚ dependencies. Run 'npm i -S classnames' to add it      â”‚ extraneous-          â•‘
â•‘          â”‚          â”‚          â”‚                                                        â”‚ dependencies         â•‘
â•‘ 8        â”‚ 16       â”‚ [31m[31m[31m[31m[31merror[39m    â”‚ Absolute imports should come before relative           â”‚ import/imports-first â•‘
â•‘          â”‚          â”‚          â”‚ imports.                                               â”‚                      â•‘
â•‘ 9        â”‚ 1        â”‚ [31m[31m[31m[31m[31merror[39m    â”‚ 'adwen-ui' should be listed in the project's           â”‚ import/no-           â•‘
â•‘          â”‚          â”‚          â”‚ dependencies. Run 'npm i -S adwen-ui' to add it        â”‚ extraneous-          â•‘
â•‘          â”‚          â”‚          â”‚                                                        â”‚ dependencies         â•‘
â•‘ 9        â”‚ 9        â”‚ [31m[31m[31m[31m[31merror[39m    â”‚ Unable to resolve path to module                       â”‚ import/no-unresolved â•‘
â•‘          â”‚          â”‚          â”‚ 'adwen-ui/css/flexbox.css'.                            â”‚                      â•‘
â•‘ 31       â”‚ 92       â”‚ [31m[31m[31m[31m[31merror[39m    â”‚ Multiple spaces found before '<'.                      â”‚ no-multi-spaces      â•‘

C:\Users\serge\Desktop\knockknock\_portals\sportleafs\pages\tweets\index.js

â•‘ [1m[1m[1m[1mLine[22m     â”‚ [1m[1m[1m[1mColumn[22m   â”‚ [1m[1m[1m[1mType[22m     â”‚ [1mMessage[22m                                                â”‚ [1mRule ID[22m              â•‘
â•Ÿâ”€â”€â”€â”€â”€â”€â”€â”€â”€â”€â”¼â”€â”€â”€â”€â”€â”€â”€â”€â”€â”€â”¼â”€â”€â”€â”€â”€â”€â”€â”€â”€â”€â”¼â”€â”€â”€â”€â”€â”€â”€â”€â”€â”€â”€â”€â”€â”€â”€â”€â”€â”€â”€â”€â”€â”€â”€â”€â”€â”€â”€â”€â”€â”€â”€â”€â”€â”€â”€â”€â”€â”€â”€â”€â”€â”€â”€â”€â”€â”€â”€â”€â”€â”€â”€â”€â”€â”€â”€â”€â”¼â”€â”€â”€â”€â”€â”€â”€â”€â”€â”€â”€â”€â”€â”€â”€â”€â”€â”€â”€â”€â”€â”€â•¢
â•‘ 4        â”‚ 52       â”‚ [31m[31m[31m[31m[31merror[39m    â”‚ Unexpected use of file extension "js" for              â”‚ import/extensions    â•‘
â•‘          â”‚          â”‚          â”‚ "../../data/twitter-openshift.js"                      â”‚                      â•‘
â•‘ 5        â”‚ 25       â”‚ [31m[31m[31m[31m[31merror[39m    â”‚ Absolute imports should come before relative           â”‚ import/imports-first â•‘
â•‘          â”‚          â”‚          â”‚ imports.                                               â”‚                      â•‘
â•‘ 7        â”‚ 1        â”‚ [31m[31m[31m[31m[31merror[39m    â”‚ 'adwen-ui' should be listed in the project's           â”‚ import/no-           â•‘
â•‘          â”‚          â”‚          â”‚ dependencies. Run 'npm i -S adwen-ui' to add it        â”‚ extraneous-          â•‘
â•‘          â”‚          â”‚          â”‚                                                        â”‚ dependencies         â•‘
â•‘ 7        â”‚ 9        â”‚ [31m[31m[31m[31m[31merror[39m    â”‚ Unable to resolve path to module                       â”‚ import/no-unresolved â•‘
â•‘          â”‚          â”‚          â”‚ 'adwen-ui/css/flexbox.css'.                            â”‚                      â•‘
â•‘ 13       â”‚ 1        â”‚ [31m[31m[31m[31m[31merror[39m    â”‚ Import in body of module; reorder to top.              â”‚ import/imports-first â•‘
â•‘ 13       â”‚ 1        â”‚ [31m[31m[31m[31m[31merror[39m    â”‚ 'adwen-ui' should be listed in the project's           â”‚ import/no-           â•‘
â•‘          â”‚          â”‚          â”‚ dependencies. Run 'npm i -S adwen-ui' to add it        â”‚ extraneous-          â•‘
â•‘          â”‚          â”‚          â”‚                                                        â”‚ dependencies         â•‘
â•‘ 13       â”‚ 25       â”‚ [31m[31m[31m[31m[31merror[39m    â”‚ Absolute imports should come before relative           â”‚ import/imports-first â•‘
â•‘          â”‚          â”‚          â”‚ imports.                                               â”‚                      â•‘
â•‘ 13       â”‚ 25       â”‚ [31m[31m[31m[31m[31merror[39m    â”‚ Unable to resolve path to module                       â”‚ import/no-unresolved â•‘
â•‘          â”‚          â”‚          â”‚ 'adwen-ui/twitter-flow'.                               â”‚                      â•‘
â•‘ 13       â”‚ 25       â”‚ [31m[31m[31m[31m[31merror[39m    â”‚ Missing file extension for "adwen-ui/twitter-flow"     â”‚ import/extensions    â•‘
â•‘ 14       â”‚ 1        â”‚ [31m[31m[31m[31m[31merror[39m    â”‚ Import in body of module; reorder to top.              â”‚ import/imports-first â•‘
â•‘ 14       â”‚ 8        â”‚ [31m[31m[31m[31m[31merror[39m    â”‚ 'Switches' is defined but never used.                  â”‚ no-unused-vars       â•‘
â•‘ 15       â”‚ 1        â”‚ [31m[31m[31m[31m[31merror[39m    â”‚ Import in body of module; reorder to top.              â”‚ import/imports-first â•‘
â•‘ 15       â”‚ 8        â”‚ [31m[31m[31m[31m[31merror[39m    â”‚ 'Message' is defined but never used.                   â”‚ no-unused-vars       â•‘
â•‘ 17       â”‚ 1        â”‚ [31m[31m[31m[31m[31merror[39m    â”‚ Import in body of module; reorder to top.              â”‚ import/imports-first â•‘
â•‘ 18       â”‚ 1        â”‚ [31m[31m[31m[31m[31merror[39m    â”‚ Import in body of module; reorder to top.              â”‚ import/imports-first â•‘
â•‘ 18       â”‚ 1        â”‚ [31m[31m[31m[31m[31merror[39m    â”‚ 'classnames' should be listed in the project's         â”‚ import/no-           â•‘
â•‘          â”‚          â”‚          â”‚ dependencies. Run 'npm i -S classnames' to add it      â”‚ extraneous-          â•‘
â•‘          â”‚          â”‚          â”‚                                                        â”‚ dependencies         â•‘
â•‘ 18       â”‚ 16       â”‚ [31m[31m[31m[31m[31merror[39m    â”‚ Absolute imports should come before relative           â”‚ import/imports-first â•‘
â•‘          â”‚          â”‚          â”‚ imports.                                               â”‚                      â•‘
â•‘ 19       â”‚ 1        â”‚ [31m[31m[31m[31m[31merror[39m    â”‚ Import in body of module; reorder to top.              â”‚ import/imports-first â•‘
â•‘ 19       â”‚ 1        â”‚ [31m[31m[31m[31m[31merror[39m    â”‚ 'adwen-ui' should be listed in the project's           â”‚ import/no-           â•‘
â•‘          â”‚          â”‚          â”‚ dependencies. Run 'npm i -S adwen-ui' to add it        â”‚ extraneous-          â•‘
â•‘          â”‚          â”‚          â”‚                                                        â”‚ dependencies         â•‘
â•‘ 19       â”‚ 20       â”‚ [31m[31m[31m[31m[31merror[39m    â”‚ Missing file extension for "adwen-ui/button"           â”‚ import/extensions    â•‘
â•‘ 19       â”‚ 20       â”‚ [31m[31m[31m[31m[31merror[39m    â”‚ Absolute imports should come before relative           â”‚ import/imports-first â•‘
â•‘          â”‚          â”‚          â”‚ imports.                                               â”‚                      â•‘
â•‘ 19       â”‚ 20       â”‚ [31m[31m[31m[31m[31merror[39m    â”‚ Unable to resolve path to module                       â”‚ import/no-unresolved â•‘
â•‘          â”‚          â”‚          â”‚ 'adwen-ui/button'.                                     â”‚                      â•‘
â•‘ 25       â”‚ 3        â”‚ [31m[31m[31m[31m[31merror[39m    â”‚ constructor should be placed after contextTypes        â”‚ react/sort-comp      â•‘
â•‘ 46       â”‚ 5        â”‚ [31m[31m[31m[31m[31merror[39m    â”‚ Do not use setState in componentDidMount               â”‚ react/no-did-mount-  â•‘
â•‘          â”‚          â”‚          â”‚                                                        â”‚ set-state            â•‘
â•‘ 58       â”‚ 29       â”‚ [31m[31m[31m[31m[31merror[39m    â”‚ 'nextProps' is defined but never used.                 â”‚ no-unused-vars       â•‘
â•‘ 66       â”‚ 34       â”‚ [31m[31m[31m[31m[31merror[39m    â”‚ 'nextState' is defined but never used.                 â”‚ no-unused-vars       â•‘
â•‘ 70       â”‚ 35       â”‚ [31m[31m[31m[31m[31merror[39m    â”‚ 'nextState' is defined but never used.                 â”‚ no-unused-vars       â•‘
â•‘ 75       â”‚ 19       â”‚ [31m[31m[31m[31m[31merror[39m    â”‚ 'evt' is defined but never used.                       â”‚ no-unused-vars       â•‘
â•‘ 77       â”‚ 49       â”‚ [31m[31m[31m[31m[31merror[39m    â”‚ Using this.refs is deprecated.                         â”‚ react/no-string-refs â•‘
â•‘ 84       â”‚ 10       â”‚ [31m[31m[31m[31m[31merror[39m    â”‚ Expected 'this' to be used by class method             â”‚ class-methods-use-   â•‘
â•‘          â”‚          â”‚          â”‚ 'onKeyUp'.                                             â”‚ this                 â•‘
â•‘ 84       â”‚ 11       â”‚ [31m[31m[31m[31m[31merror[39m    â”‚ 'e' is defined but never used.                         â”‚ no-unused-vars       â•‘
â•‘ 98       â”‚ 31       â”‚ [31m[31m[31m[31m[31merror[39m    â”‚ 'tweets' is missing in props validation                â”‚ react/prop-types     â•‘
â•‘ 102      â”‚ 14       â”‚ [31m[31m[31m[31m[31merror[39m    â”‚ 'runAnimation' is defined but never used.              â”‚ no-unused-vars       â•‘
â•‘ 102      â”‚ 30       â”‚ [31m[31m[31m[31m[31merror[39m    â”‚ 'evt' is defined but never used.                       â”‚ no-unused-vars       â•‘
â•‘ 103      â”‚ 7        â”‚ [31m[31m[31m[31m[31merror[39m    â”‚ Using this.refs is deprecated.                         â”‚ react/no-string-refs â•‘
â•‘ 105      â”‚ 11       â”‚ [31m[31m[31m[31m[31merror[39m    â”‚ 'anim' is defined but never used.                      â”‚ no-unused-vars       â•‘
â•‘ 111      â”‚ 93       â”‚ [31m[31m[31m[31m[31merror[39m    â”‚ 'className' is missing in props validation             â”‚ react/prop-types     â•‘
â•‘ 112      â”‚ 1        â”‚ [31m[31m[31m[31m[31merror[39m    â”‚ Line 112 exceeds the maximum line length of 150.       â”‚ max-len              â•‘
â•‘ 112      â”‚ 51       â”‚ [31m[31m[31m[31m[31merror[39m    â”‚ Using string literals in ref attributes is             â”‚ react/no-string-refs â•‘
â•‘          â”‚          â”‚          â”‚ deprecated.                                            â”‚                      â•‘
â•‘ 113      â”‚ 1        â”‚ [31m[31m[31m[31m[31merror[39m    â”‚ Line 113 exceeds the maximum line length of 150.       â”‚ max-len              â•‘
â•‘ 113      â”‚ 56       â”‚ [31m[31m[31m[31m[31merror[39m    â”‚ Using string literals in ref attributes is             â”‚ react/no-string-refs â•‘
â•‘          â”‚          â”‚          â”‚ deprecated.                                            â”‚                      â•‘
â•‘ 114      â”‚ 1        â”‚ [31m[31m[31m[31m[31merror[39m    â”‚ Line 114 exceeds the maximum line length of 150.       â”‚ max-len              â•‘
â•‘ 114      â”‚ 51       â”‚ [31m[31m[31m[31m[31merror[39m    â”‚ Using string literals in ref attributes is             â”‚ react/no-string-refs â•‘
â•‘          â”‚          â”‚          â”‚ deprecated.                                            â”‚                      â•‘
â•‘ 115      â”‚ 1        â”‚ [31m[31m[31m[31m[31merror[39m    â”‚ Line 115 exceeds the maximum line length of 150.       â”‚ max-len              â•‘
â•‘ 115      â”‚ 54       â”‚ [31m[31m[31m[31m[31merror[39m    â”‚ Using string literals in ref attributes is             â”‚ react/no-string-refs â•‘
â•‘          â”‚          â”‚          â”‚ deprecated.                                            â”‚                      â•‘
â•‘ 116      â”‚ 1        â”‚ [31m[31m[31m[31m[31merror[39m    â”‚ Line 116 exceeds the maximum line length of 150.       â”‚ max-len              â•‘
â•‘ 116      â”‚ 51       â”‚ [31m[31m[31m[31m[31merror[39m    â”‚ Using string literals in ref attributes is             â”‚ react/no-string-refs â•‘
â•‘          â”‚          â”‚          â”‚ deprecated.                                            â”‚                      â•‘
â•‘ 159      â”‚ 35       â”‚ [31m[31m[31m[31m[31merror[39m    â”‚ Unexpected block statement surrounding arrow body.     â”‚ arrow-body-style     â•‘

C:\Users\serge\Desktop\knockknock\_portals\sportleafs\tasks\_run.js

â•‘ [1m[1m[1m[1mLine[22m     â”‚ [1m[1m[1m[1mColumn[22m   â”‚ [1m[1m[1m[1mType[22m     â”‚ [1mMessage[22m                                                â”‚ [1mRule ID[22m              â•‘
â•Ÿâ”€â”€â”€â”€â”€â”€â”€â”€â”€â”€â”¼â”€â”€â”€â”€â”€â”€â”€â”€â”€â”€â”¼â”€â”€â”€â”€â”€â”€â”€â”€â”€â”€â”¼â”€â”€â”€â”€â”€â”€â”€â”€â”€â”€â”€â”€â”€â”€â”€â”€â”€â”€â”€â”€â”€â”€â”€â”€â”€â”€â”€â”€â”€â”€â”€â”€â”€â”€â”€â”€â”€â”€â”€â”€â”€â”€â”€â”€â”€â”€â”€â”€â”€â”€â”€â”€â”€â”€â”€â”€â”¼â”€â”€â”€â”€â”€â”€â”€â”€â”€â”€â”€â”€â”€â”€â”€â”€â”€â”€â”€â”€â”€â”€â•¢
â•‘ 7        â”‚ 17       â”‚ [31m[31m[31m[31m[31merror[39m    â”‚ Unexpected block statement surrounding arrow body.     â”‚ arrow-body-style     â•‘

C:\Users\serge\Desktop\knockknock\_portals\sportleafs\tasks\build.js

â•‘ [1m[1m[1m[1mLine[22m     â”‚ [1m[1m[1m[1mColumn[22m   â”‚ [1m[1m[1m[1mType[22m     â”‚ [1mMessage[22m                                                â”‚ [1mRule ID[22m              â•‘
â•Ÿâ”€â”€â”€â”€â”€â”€â”€â”€â”€â”€â”¼â”€â”€â”€â”€â”€â”€â”€â”€â”€â”€â”¼â”€â”€â”€â”€â”€â”€â”€â”€â”€â”€â”¼â”€â”€â”€â”€â”€â”€â”€â”€â”€â”€â”€â”€â”€â”€â”€â”€â”€â”€â”€â”€â”€â”€â”€â”€â”€â”€â”€â”€â”€â”€â”€â”€â”€â”€â”€â”€â”€â”€â”€â”€â”€â”€â”€â”€â”€â”€â”€â”€â”€â”€â”€â”€â”€â”€â”€â”€â”¼â”€â”€â”€â”€â”€â”€â”€â”€â”€â”€â”€â”€â”€â”€â”€â”€â”€â”€â”€â”€â”€â”€â•¢
â•‘ 4        â”‚ 7        â”‚ [31m[31m[31m[31m[31merror[39m    â”‚ 'webpack' is defined but never used.                   â”‚ no-unused-vars       â•‘

C:\Users\serge\Desktop\knockknock\_portals\sportleafs\tasks\publish.js

â•‘ [1m[1m[1m[1mLine[22m     â”‚ [1m[1m[1m[1mColumn[22m   â”‚ [1m[1m[1m[1mType[22m     â”‚ [1mMessage[22m                                                â”‚ [1mRule ID[22m              â•‘
â•Ÿâ”€â”€â”€â”€â”€â”€â”€â”€â”€â”€â”¼â”€â”€â”€â”€â”€â”€â”€â”€â”€â”€â”¼â”€â”€â”€â”€â”€â”€â”€â”€â”€â”€â”¼â”€â”€â”€â”€â”€â”€â”€â”€â”€â”€â”€â”€â”€â”€â”€â”€â”€â”€â”€â”€â”€â”€â”€â”€â”€â”€â”€â”€â”€â”€â”€â”€â”€â”€â”€â”€â”€â”€â”€â”€â”€â”€â”€â”€â”€â”€â”€â”€â”€â”€â”€â”€â”€â”€â”€â”€â”¼â”€â”€â”€â”€â”€â”€â”€â”€â”€â”€â”€â”€â”€â”€â”€â”€â”€â”€â”€â”€â”€â”€â•¢
â•‘ 1        â”‚ 7        â”‚ [31m[31m[31m[31m[31merror[39m    â”‚ 'fs' is defined but never used.                        â”‚ no-unused-vars       â•‘

C:\Users\serge\Desktop\knockknock\_portals\sportleafs\tasks\start-bs.js

â•‘ [1m[1m[1m[1mLine[22m     â”‚ [1m[1m[1m[1mColumn[22m   â”‚ [1m[1m[1m[1mType[22m     â”‚ [1mMessage[22m                                                â”‚ [1mRule ID[22m              â•‘
â•Ÿâ”€â”€â”€â”€â”€â”€â”€â”€â”€â”€â”¼â”€â”€â”€â”€â”€â”€â”€â”€â”€â”€â”¼â”€â”€â”€â”€â”€â”€â”€â”€â”€â”€â”¼â”€â”€â”€â”€â”€â”€â”€â”€â”€â”€â”€â”€â”€â”€â”€â”€â”€â”€â”€â”€â”€â”€â”€â”€â”€â”€â”€â”€â”€â”€â”€â”€â”€â”€â”€â”€â”€â”€â”€â”€â”€â”€â”€â”€â”€â”€â”€â”€â”€â”€â”€â”€â”€â”€â”€â”€â”¼â”€â”€â”€â”€â”€â”€â”€â”€â”€â”€â”€â”€â”€â”€â”€â”€â”€â”€â”€â”€â”€â”€â•¢
â•‘ 2        â”‚ 7        â”‚ [31m[31m[31m[31m[31merror[39m    â”‚ 'path' is defined but never used.                      â”‚ no-unused-vars       â•‘
â•‘ 29       â”‚ 23       â”‚ [31m[31m[31m[31m[31merror[39m    â”‚ Unary operator '++' used.                              â”‚ no-plusplus          â•‘

C:\Users\serge\Desktop\knockknock\_portals\sportleafs\tasks\start.js

â•‘ [1m[1m[1m[1mLine[22m     â”‚ [1m[1m[1m[1mColumn[22m   â”‚ [1m[1m[1m[1mType[22m     â”‚ [1mMessage[22m                                                â”‚ [1mRule ID[22m              â•‘
â•Ÿâ”€â”€â”€â”€â”€â”€â”€â”€â”€â”€â”¼â”€â”€â”€â”€â”€â”€â”€â”€â”€â”€â”¼â”€â”€â”€â”€â”€â”€â”€â”€â”€â”€â”¼â”€â”€â”€â”€â”€â”€â”€â”€â”€â”€â”€â”€â”€â”€â”€â”€â”€â”€â”€â”€â”€â”€â”€â”€â”€â”€â”€â”€â”€â”€â”€â”€â”€â”€â”€â”€â”€â”€â”€â”€â”€â”€â”€â”€â”€â”€â”€â”€â”€â”€â”€â”€â”€â”€â”€â”€â”¼â”€â”€â”€â”€â”€â”€â”€â”€â”€â”€â”€â”€â”€â”€â”€â”€â”€â”€â”€â”€â”€â”€â•¢
â•‘ 17       â”‚ 34       â”‚ [31m[31m[31m[31m[31merror[39m    â”‚ 'reject' is defined but never used.                    â”‚ no-unused-vars       â•‘
â•‘ 37       â”‚ 15       â”‚ [31m[31m[31m[31m[31merror[39m    â”‚ Unary operator '++' used.                              â”‚ no-plusplus          â•‘

C:\Users\serge\Desktop\knockknock\_portals\sportleafs\utils\routes-loader.js

â•‘ [1m[1m[1m[1mLine[22m     â”‚ [1m[1m[1m[1mColumn[22m   â”‚ [1m[1m[1m[1mType[22m     â”‚ [1mMessage[22m                                                â”‚ [1mRule ID[22m              â•‘
â•Ÿâ”€â”€â”€â”€â”€â”€â”€â”€â”€â”€â”¼â”€â”€â”€â”€â”€â”€â”€â”€â”€â”€â”¼â”€â”€â”€â”€â”€â”€â”€â”€â”€â”€â”¼â”€â”€â”€â”€â”€â”€â”€â”€â”€â”€â”€â”€â”€â”€â”€â”€â”€â”€â”€â”€â”€â”€â”€â”€â”€â”€â”€â”€â”€â”€â”€â”€â”€â”€â”€â”€â”€â”€â”€â”€â”€â”€â”€â”€â”€â”€â”€â”€â”€â”€â”€â”€â”€â”€â”€â”€â”¼â”€â”€â”€â”€â”€â”€â”€â”€â”€â”€â”€â”€â”€â”€â”€â”€â”€â”€â”€â”€â”€â”€â•¢
â•‘ 63       â”‚ 47       â”‚ [31m[31m[31m[31m[31merror[39m    â”‚ Calls to require() should use string literals          â”‚ import/no-dynamic-   â•‘
â•‘          â”‚          â”‚          â”‚                                                        â”‚ require              â•‘

C:\Users\serge\Desktop\knockknock\_portals\sportleafs\run.js

â•‘ [1m[1m[1m[1mLine[22m     â”‚ [1m[1m[1m[1mColumn[22m   â”‚ [1m[1m[1m[1mType[22m     â”‚ [1mMessage[22m                                                â”‚ [1mRule ID[22m              â•‘
â•Ÿâ”€â”€â”€â”€â”€â”€â”€â”€â”€â”€â”¼â”€â”€â”€â”€â”€â”€â”€â”€â”€â”€â”¼â”€â”€â”€â”€â”€â”€â”€â”€â”€â”€â”¼â”€â”€â”€â”€â”€â”€â”€â”€â”€â”€â”€â”€â”€â”€â”€â”€â”€â”€â”€â”€â”€â”€â”€â”€â”€â”€â”€â”€â”€â”€â”€â”€â”€â”€â”€â”€â”€â”€â”€â”€â”€â”€â”€â”€â”€â”€â”€â”€â”€â”€â”€â”€â”€â”€â”€â”€â”¼â”€â”€â”€â”€â”€â”€â”€â”€â”€â”€â”€â”€â”€â”€â”€â”€â”€â”€â”€â”€â”€â”€â•¢
â•‘ 1        â”‚ 25       â”‚ [31m[31m[31m[31m[31merror[39m    â”‚ Calls to require() should use string literals          â”‚ import/no-dynamic-   â•‘
â•‘          â”‚          â”‚          â”‚                                                        â”‚ require              â•‘

â•”â•â•â•â•â•â•â•â•â•â•â•â•â•â•â•â•â•â•â•â•â•â•â•â•â•â•â•â•â•â•â•â•â•â•â•â•â•â•â•â•â•â•â•â•â•â•â•â•â•â•â•â•â•â•â•â•â•â•â•â•â•â•â•â•â•â•â•â•â•â•â•â•â•â•â•â•â•â•â•â•â•â•â•â•â•â•â•â•â•â•â•â•â•â•â•â•â•â•â•â•â•â•â•â•â•â•â•â•â•â•â•â•â•—
â•‘ [31m175 Errors[39m                                                                                                     â•‘
â•Ÿâ”€â”€â”€â”€â”€â”€â”€â”€â”€â”€â”€â”€â”€â”€â”€â”€â”€â”€â”€â”€â”€â”€â”€â”€â”€â”€â”€â”€â”€â”€â”€â”€â”€â”€â”€â”€â”€â”€â”€â”€â”€â”€â”€â”€â”€â”€â”€â”€â”€â”€â”€â”€â”€â”€â”€â”€â”€â”€â”€â”€â”€â”€â”€â”€â”€â”€â”€â”€â”€â”€â”€â”€â”€â”€â”€â”€â”€â”€â”€â”€â”€â”€â”€â”€â”€â”€â”€â”€â”€â”€â”€â”€â”€â”€â”€â”€â”€â”€â”€â”€â”€â”€â”€â”€â”€â”€â”€â”€â”€â”€â”€â”€â•¢
â•‘ [33m1 Warning[39m                                                                                                      â•‘
â•šâ•â•â•â•â•â•â•â•â•â•â•â•â•â•â•â•â•â•â•â•â•â•â•â•â•â•â•â•â•â•â•â•â•â•â•â•â•â•â•â•â•â•â•â•â•â•â•â•â•â•â•â•â•â•â•â•â•â•â•â•â•â•â•â•â•â•â•â•â•â•â•â•â•â•â•â•â•â•â•â•â•â•â•â•â•â•â•â•â•â•â•â•â•â•â•â•â•â•â•â•â•â•â•â•â•â•â•â•â•â•â•â•â•
